

Started GET "/" for 10.0.2.2 at 2013-10-10 07:15:45 +0000
Processing by Rails::WelcomeController#index as HTML
  Rendered /home.rvm/gems/ruby-2.0.0-p247/gems/railties-4.0.0/lib/rails/templates/rails/welcome/index.html.erb (4.3ms)
Completed 200 OK in 60ms (Views: 32.5ms | ActiveRecord: 0.0ms)


Started GET "/greetings/hello" for 10.0.2.2 at 2013-10-10 07:15:58 +0000
Processing by GreetingsController#hello as HTML
  Rendered greetings/hello.html.erb within layouts/application (0.8ms)
Completed 200 OK in 1215ms (Views: 1213.4ms | ActiveRecord: 0.0ms)


Started GET "/assets/application.css?body=1" for 10.0.2.2 at 2013-10-10 07:16:00 +0000


Started GET "/assets/greetings.css?body=1" for 10.0.2.2 at 2013-10-10 07:16:00 +0000


Started GET "/assets/jquery.js?body=1" for 10.0.2.2 at 2013-10-10 07:16:00 +0000


Started GET "/assets/jquery_ujs.js?body=1" for 10.0.2.2 at 2013-10-10 07:16:00 +0000


Started GET "/assets/turbolinks.js?body=1" for 10.0.2.2 at 2013-10-10 07:16:00 +0000


Started GET "/assets/greetings.js?body=1" for 10.0.2.2 at 2013-10-10 07:16:00 +0000


Started GET "/assets/application.js?body=1" for 10.0.2.2 at 2013-10-10 07:16:00 +0000


Started GET "/greetings/hell" for 10.0.2.2 at 2013-10-10 07:16:06 +0000

ActionController::RoutingError (No route matches [GET] "/greetings/hell"):
  /home.rvm/gems/ruby-2.0.0-p247/gems/actionpack-4.0.0/lib/action_dispatch/middleware/debug_exceptions.rb:21:in `call'
  /home.rvm/gems/ruby-2.0.0-p247/gems/actionpack-4.0.0/lib/action_dispatch/middleware/show_exceptions.rb:30:in `call'
  /home.rvm/gems/ruby-2.0.0-p247/gems/railties-4.0.0/lib/rails/rack/logger.rb:38:in `call_app'
  /home.rvm/gems/ruby-2.0.0-p247/gems/railties-4.0.0/lib/rails/rack/logger.rb:21:in `block in call'
  /home.rvm/gems/ruby-2.0.0-p247/gems/activesupport-4.0.0/lib/active_support/tagged_logging.rb:67:in `block in tagged'
  /home.rvm/gems/ruby-2.0.0-p247/gems/activesupport-4.0.0/lib/active_support/tagged_logging.rb:25:in `tagged'
  /home.rvm/gems/ruby-2.0.0-p247/gems/activesupport-4.0.0/lib/active_support/tagged_logging.rb:67:in `tagged'
  /home.rvm/gems/ruby-2.0.0-p247/gems/railties-4.0.0/lib/rails/rack/logger.rb:21:in `call'
  /home.rvm/gems/ruby-2.0.0-p247/gems/actionpack-4.0.0/lib/action_dispatch/middleware/request_id.rb:21:in `call'
  /home.rvm/gems/ruby-2.0.0-p247/gems/rack-1.5.2/lib/rack/methodoverride.rb:21:in `call'
  /home.rvm/gems/ruby-2.0.0-p247/gems/rack-1.5.2/lib/rack/runtime.rb:17:in `call'
  /home.rvm/gems/ruby-2.0.0-p247/gems/activesupport-4.0.0/lib/active_support/cache/strategy/local_cache.rb:83:in `call'
  /home.rvm/gems/ruby-2.0.0-p247/gems/rack-1.5.2/lib/rack/lock.rb:17:in `call'
  /home.rvm/gems/ruby-2.0.0-p247/gems/actionpack-4.0.0/lib/action_dispatch/middleware/static.rb:64:in `call'
  /home.rvm/gems/ruby-2.0.0-p247/gems/railties-4.0.0/lib/rails/engine.rb:511:in `call'
  /home.rvm/gems/ruby-2.0.0-p247/gems/railties-4.0.0/lib/rails/application.rb:97:in `call'
  /home.rvm/gems/ruby-2.0.0-p247/gems/rack-1.5.2/lib/rack/lock.rb:17:in `call'
  /home.rvm/gems/ruby-2.0.0-p247/gems/rack-1.5.2/lib/rack/content_length.rb:14:in `call'
  /home.rvm/gems/ruby-2.0.0-p247/gems/rack-1.5.2/lib/rack/handler/webrick.rb:60:in `service'
  /home.rvm/rubies/ruby-2.0.0-p247/lib/ruby/2.0.0/webrick/httpserver.rb:138:in `service'
  /home.rvm/rubies/ruby-2.0.0-p247/lib/ruby/2.0.0/webrick/httpserver.rb:94:in `run'
  /home.rvm/rubies/ruby-2.0.0-p247/lib/ruby/2.0.0/webrick/server.rb:295:in `block in start_thread'


  Rendered /home.rvm/gems/ruby-2.0.0-p247/gems/actionpack-4.0.0/lib/action_dispatch/middleware/templates/rescues/_trace.erb (1.7ms)
  Rendered /home.rvm/gems/ruby-2.0.0-p247/gems/actionpack-4.0.0/lib/action_dispatch/middleware/templates/routes/_route.html.erb (2.2ms)
  Rendered /home.rvm/gems/ruby-2.0.0-p247/gems/actionpack-4.0.0/lib/action_dispatch/middleware/templates/routes/_table.html.erb (14.9ms)
  Rendered /home.rvm/gems/ruby-2.0.0-p247/gems/actionpack-4.0.0/lib/action_dispatch/middleware/templates/rescues/routing_error.erb within rescues/layout (50.8ms)


Started GET "/" for 10.0.2.2 at 2013-10-10 10:56:34 +0000
Processing by GreetingsController#hello as HTML
  Rendered greetings/hello.html.erb within layouts/application (3.3ms)
Completed 200 OK in 368ms (Views: 338.5ms | ActiveRecord: 0.0ms)


Started GET "/assets/application.css?body=1" for 10.0.2.2 at 2013-10-10 10:56:35 +0000


Started GET "/assets/greetings.css?body=1" for 10.0.2.2 at 2013-10-10 10:56:35 +0000


Started GET "/assets/jquery.js?body=1" for 10.0.2.2 at 2013-10-10 10:56:35 +0000


Started GET "/assets/greetings.js?body=1" for 10.0.2.2 at 2013-10-10 10:56:35 +0000


Started GET "/assets/turbolinks.js?body=1" for 10.0.2.2 at 2013-10-10 10:56:35 +0000


Started GET "/assets/jquery_ujs.js?body=1" for 10.0.2.2 at 2013-10-10 10:56:35 +0000


Started GET "/assets/application.js?body=1" for 10.0.2.2 at 2013-10-10 10:56:35 +0000
